<?xml version="1.0" encoding="UTF-8"?>
<!-- Generated by org.testng.reporters.JUnitReportReporter -->
<testsuite hostname="PUNAC3013L1597" name="newpackage.NewTest" tests="1" failures="0" timestamp="10 Apr 2019 11:15:28 GMT" time="6.438" errors="0">
  <testcase name="f" time="6.438" classname="newpackage.NewTest"/>
</testsuite> <!-- newpackage.NewTest -->
